[33mWARNING: Skipping user bind, non existent bind point (file) in container: '/bin/nvidia-smi'
[0mSingularity: Invoking an interactive shell within container...

[0mNamespace(batch_size=32, data='/home/vxg195/Neural-Machine-Translation/scripts/../../data/de-en/processed_all-train.pt', gpus=[0], load_from='/home/vxg195/Neural-Machine-Translation/scripts/../../models/de-en/model_25_reinforce.pt', log_interval=100, save_dir=None, seed=3435, test_src='/home/vxg195/Neural-Machine-Translation/scripts/../../Neural-Machine-Translation/scripts/tmp.txt')
Loading train data from "/home/vxg195/Neural-Machine-Translation/scripts/../../data/de-en/processed_all-train.pt"
Loading from checkpoint at /home/vxg195/Neural-Machine-Translation/scripts/../../models/de-en/model_25_reinforce.pt
Creating test data

Processing /home/vxg195/Neural-Machine-Translation/scripts/../../Neural-Machine-Translation/scripts/tmp.txt ...
... 326 sentences prepared for testing
/home/vxg195/Neural-Machine-Translation/lib/model/GlobalAttention.py:30: UserWarning: Implicit dimension choice for softmax has been deprecated. Change the call to include dim=X as an argument.
  attn = self.sm(attn)
Generated translations successfully

highest tap
the british police take further bays and tap
manchester ’ s bay gap was part of a vacuum
security de dig in berlin begins
the fan wall with large
two congestion two
the enemy pole receives the earth
good evening and welcome to the irrigation
ass paint is also again for the irthe
good towards
day 2 after the fan paint in
20 pind of the tooth
and in the country , the highest coin
the coins now go from
that the ostrich
from an entire network ,
another irritation of the government
andreas fort
a young body still gets people with death to petrol
the deep flexes of the trogen of power
born and born in the son son
the british creature should have been arrested his brother to be arrested .
today , several fountain
four other doids
it is cold we are looking after a dock
the tiles are in full
currently we lead to the whole of the pot
from o it says
the fan of the fan
but perhaps not
the country in the country
other irgars
that is why the highest tooth is the highest .
a result of about 1000 soldiers of the dark
mix the cash points in london
and throughout the clock
the police should be petrol
focusing on poster to focus on
and the dock
in addition to possible oes of the pot , it is about the irritation .
when has he got rid of the duty
has he contact with the so-called islamic state
travel to otto bridge to his currency will be followed by the garment .
in the wall wall another brother was called
the contact with the dark
chi explains the pots are all 22 dead
the ostrich of the ostrich
even yesterday , the mother had moved her daughter to
a fan of a
in the face of pot 20 , the guards are still fighting
around your tow
all some have very heavy gas
are on the iron
and they will remain very long in the hospital remain
note that the painful pole needs the whole of the clock
manchester ’ s gift - and finds in this case
manchester in
the tap of the people
while after and after the names of the dead ,
there are still some of the here &apos;s spruce
there are some more police to the iron
also , tap
at the same time , the city is also in the dark of the sahara
under extreme pressure , garment will become
because you note that the ship is behind a network

in the afternoon , another apartment was born and a a one apartment .
the certain of the
in manchester ’ s white another gay

how can you
not only does this question
with view of the wild
at the moment , especially in the moment
there at the hour of the irrigation
with far beyond the port
moreover , at the weekend , the fan
a garment in the sign of the
the firmware on this
the fan paint to the irony
the wild stones are here until sunday
supported by mobile
you have thoroughly translated the ship .
says the pot
the cup of manchester was again on the matter
are we really a battle of teeth
in some places we have changes to the chaos of the bounds .
we have again at the pot
whether we prefer someone from transport
the bay has additional bay
possibly from brown on the
lessons from the pot on the firm
but to the wall wall comes in the fire
also the pot in the field
football comes because we still take care of the exercise
that we separate the fans
and also bring separate to the pot .
it will be a great task for the towards
many of the strong fake
however , in the same thing , their celebration of the tower want their celebration of the tower .
the certain
we do not get into the middle through any of the irrigation
if we start to see
then exactly what the terrorists are doing .
for today ’ s berlin in berlin , this aerial fan also
four dead tiles have been in a dock
against a garment
a connection with the irradiation but tap
so the irthe
so , increased , even in the tower
five days come in berlin and the tap
people of different origin
and religion
in germany , almost two-thirds of the population
christians of all the tactics
to islam , for example ,
other coins hardly fall into the pot
however , the number of casual
and today makes almost one third of the population
the ach messenger wants forum for all
this year , in the sign of 500 years
an hour ago the fake
with a garment
before the bay , thousands of people have
to together the fair to
it is the beginning of the irritation
this under the motto of the motto of the brown fan
it should be a political fan of the dark to the dark
and a highlight in the year of the
in a special way , we want the christian surge
the hypower of the physical gaza clearly
for berlin , this is a fan of a garment
the social situation
the visitors can enjoy the secret under o events .
most will find the most important in messe berlin
the typical atypical
have the many contact
the big themes on the pot are
the refugees and the tap
more than o visitors will be in berlin and are doing .
they want to together
to celebrate in so a large amount of god ’ s service is what is happening .
look forward to the feeling of the irof
tomorrow morning there is another highlight at the mass of the ass
obama and fanmerkel discuss the somix
your tap democracy
the grand coalition
that more genes a garment
now it has a suitable reform
then the employers of previous weapons will be born .
workers will not receive a guarantee of a of zero .
how high your fan
only the os contributions remain
the law should be presented on monday
and next week the garment of the garment
when and how can
the certain
after all , they are special
if you on behalf of the state ,
this is today to the irrigation
the otbot had
against the wild pole from the irof
she had on the homepage of her own office of her
the card for the fan
before the wall had to a demonstration
against the fake of the bay
under the title of a card for dark
donald ’ s first as a european europe
and begins in rome with a gurue at the tower
the wall hardly conforms to two men
peter had a wall to mexico to dust
as a fan of
castro , in turn , the criticism from the pot
the first thing to do about the first thing
between the bay and the off of the
this morning on the way to the furnace
peter taken and donald pole meetings for the first time
two ways that in the past
the schengen fountain each other
the pot is wild
if also from sides of the wall , rather ,
in the conversation under four eyes
has played the subject of god , according to the announcement of the ok .
both agree in their rejection
while the pot of the iron
and climate change is critical of the trend
the conversation between the bureau and president
take the usual 30 guards also come first lady
daughter of the father of god and other guards
the face of the meeting with the meeting is a great honour
he and he want to keep up more than ever
peace
but first for the dock
a small tower to the sights of the dark
the american president and his face
before the fan of the tint
the fan of the fan
the wall goes
his ostrich , his ostrich
as every wednesday ,
normal the teeth of the pot for the fan
the journey for the river from rome to brussels -
in the wild the tap the twelve
and the fan
as a a pot and a dead substance ,
in the afternoon , the pot
in the belgian fake
he met king and tap .
for tomorrow , talks with the osce
and the meeting with the
the ball seems to follow a desire and officially officially
the coalition against the titicane state
at home in washington
his possible tunnels further
first of all , that is his team in the motif
he could also personally as a dark as a dark
in the garden of brown
a bajass creature had contact
to face up to duty
with relations to the dark
details of johannes
for months , the tault washington has occupied
much but much indicates that the key here to find
in new york in the motif
in financial and passive heart donald
at the beginning of the building the company of branch offices in the field of the
power with donald
one of the company ’ s central weaknesses is to assume a passive vacuum
one from russia and a punitive in the us
the wild and tap
with best animals into the former
the box documents live the sound that donald
at the end of 2007 by Оीरीकी की की की का की का
but it does not solve his shops with a tower
this could explain him in dark cow new fa ’ s cream
it becomes part of a a dock
makes up
so this is in the american cup
so far only one cup who is behind the pot
the donald pole so in poster
we meet with the iron
scott empire for him is a old dose of a child
on a list of four jews , the very close connection connection
the russian cup had and apparently been asked
the american cup and tap to
especially the irthe
has the russian gates donald
the answers are here to facebook in new york in the pot
the whole documentation
w connections - burand and his
see this evening around k
in the southern mediterranean , a vacuum is again
come in and tap
according to a garment
are particularly many children under the oak
therefore , the ship was part of a group of docks
before the coast with a total of 1500 people to the irradiation
so far , 31 % have been most of them .
several guys will still be
it is another blow
the pot for the fan
a long visit of four of the most important
in turkey , ankara ’ s schengen flag
he is not currently the turkish fool
the ostrich
the self pole speaks of a new dose
parliamentarians also wanted the face
green and brass put in your tactic
in the wake of a garment
in three weeks , the fan wall
this laid down the tile material in
daniel lehne wants to join in 28 june
to the new prime minister , choose
at the ship , the irrigated of the irrigated
your majority
the towards
it does not mean a port in guinea but tap .
who plays in the coming season
continue to the ball
or creates the certain of the phoenix
the leap into the pot
tomorrow evening the first thing in the pot
the material on material .
te sound drove into the pot into the
the house of jesus
and now hopes for his strength as a fan of
the ass with us is not
but is extremely good
with this fan color , 66 points in the irrigation
but the corps not to direct
but only to place 3 behind stuttgart and the tap
so to the tattle against
despite 16 servers of the surmario
in the cas-dy situation for 20 years .
but nevertheless to its strengths of the strength of the of
we know that we are able to be good football to hell
it is about the connection of good football
and tap
the pole wants to get
against this quality quality
to his goal still to rise in the iron
in the evening , in the wake of dark at stockholm
the pot in the europa league
wall amsterdam or manchester united will be the tower with home
short for confusion today , contention of the tonight .
he is ready for the tull creature in
however , the iropia becomes his team
after a ship from the tower from the dark
the manchester cup in the pot
aught amsterdam relied on his fan material
to which the man with number 11 wildamin
only by the power of power for the garment
experienced in the team of the un try before the important game
peace
we must be as much as so far throughout the clock
although the pressure is great for our young animals
the thoughts of the players are also with the victims and families
the irof of power
does not miss the pot
the weather on the pot becomes dead and then the first thing
the details have just a cookie
in today ’ s journal around the clock , christian
with the child ’ s faut
which has been in prison in turkey for weeks in turkey
a nice evening and to mineral if you have
on
